<?xml version="1.0" encoding="UTF-8"?>
<testsuite name="api.postcodes.io.AddressFinderTest" tests="3" skipped="0" failures="0" errors="0" timestamp="2020-06-26T20:34:24" hostname="JamesHallss-MacBook-Pro.local" time="2.289">
  <properties/>
  <testcase name="ShouldReturnInvalidPostcodeErrorMessage" classname="api.postcodes.io.AddressFinderTest" time="2.115"/>
  <testcase name="ShouldRetrievePostcode" classname="api.postcodes.io.AddressFinderTest" time="0.088"/>
  <testcase name="ShouldReturnInvalidMessageWhenNoPostCodeIsProvided" classname="api.postcodes.io.AddressFinderTest" time="0.079"/>
  <system-out><![CDATA[]]></system-out>
  <system-err><![CDATA[]]></system-err>
</testsuite>
